0	20:42:10.422	Migration: copied from 'C:\Program Files (x86)\MetaTrader 4\config\terminal.ini' to 'C:\users\abc\AppData\Roaming\MetaQuotes\Terminal\50CA3DFB510CC5A8F28B48D1BF2A5702\config\terminal.ini'
0	20:42:10.423	Migration: copied from 'C:\Program Files (x86)\MetaTrader 4\config\MetaQuotes-Demo.srv' to 'C:\users\abc\AppData\Roaming\MetaQuotes\Terminal\50CA3DFB510CC5A8F28B48D1BF2A5702\config\MetaQuotes-Demo.srv'
0	20:42:10.423	Migration: config folder copied from 'C:\Program Files (x86)\MetaTrader 4' to 'C:\users\abc\AppData\Roaming\MetaQuotes\Terminal\50CA3DFB510CC5A8F28B48D1BF2A5702'
0	20:42:10.424	Migration: copied from 'C:\Program Files (x86)\MetaTrader 4\history\default\EURUSD240.hst' to 'C:\users\abc\AppData\Roaming\MetaQuotes\Terminal\50CA3DFB510CC5A8F28B48D1BF2A5702\history\default\EURUSD240.hst'
0	20:42:10.424	Migration: copied from 'C:\Program Files (x86)\MetaTrader 4\history\default\GBPUSD240.hst' to 'C:\users\abc\AppData\Roaming\MetaQuotes\Terminal\50CA3DFB510CC5A8F28B48D1BF2A5702\history\default\GBPUSD240.hst'
0	20:42:10.425	Migration: copied from 'C:\Program Files (x86)\MetaTrader 4\history\default\USDCHF240.hst' to 'C:\users\abc\AppData\Roaming\MetaQuotes\Terminal\50CA3DFB510CC5A8F28B48D1BF2A5702\history\default\USDCHF240.hst'
0	20:42:10.425	Migration: copied from 'C:\Program Files (x86)\MetaTrader 4\history\default\USDJPY240.hst' to 'C:\users\abc\AppData\Roaming\MetaQuotes\Terminal\50CA3DFB510CC5A8F28B48D1BF2A5702\history\default\USDJPY240.hst'
0	20:42:10.427	Migration: copied from 'C:\Program Files (x86)\MetaTrader 4\history\default\symbols.sel' to 'C:\users\abc\AppData\Roaming\MetaQuotes\Terminal\50CA3DFB510CC5A8F28B48D1BF2A5702\history\default\symbols.sel'
0	20:42:10.427	Migration: copied from 'C:\Program Files (x86)\MetaTrader 4\history\default\symbols.raw' to 'C:\users\abc\AppData\Roaming\MetaQuotes\Terminal\50CA3DFB510CC5A8F28B48D1BF2A5702\history\default\symbols.raw'
0	20:42:10.428	Migration: copied from 'C:\Program Files (x86)\MetaTrader 4\history\default\symgroups.raw' to 'C:\users\abc\AppData\Roaming\MetaQuotes\Terminal\50CA3DFB510CC5A8F28B48D1BF2A5702\history\default\symgroups.raw'
0	20:42:10.429	Migration: history folder copied from 'C:\Program Files (x86)\MetaTrader 4' to 'C:\users\abc\AppData\Roaming\MetaQuotes\Terminal\50CA3DFB510CC5A8F28B48D1BF2A5702'
0	20:42:10.429	Migration: copied from 'C:\Program Files (x86)\MetaTrader 4\history\default\EURUSD240.hst' to 'C:\users\abc\AppData\Roaming\MetaQuotes\Terminal\50CA3DFB510CC5A8F28B48D1BF2A5702\history\default\EURUSD240.hst'
0	20:42:10.433	Migration: copied from 'C:\Program Files (x86)\MetaTrader 4\history\default\GBPUSD240.hst' to 'C:\users\abc\AppData\Roaming\MetaQuotes\Terminal\50CA3DFB510CC5A8F28B48D1BF2A5702\history\default\GBPUSD240.hst'
0	20:42:10.434	Migration: copied from 'C:\Program Files (x86)\MetaTrader 4\history\default\symbols.raw' to 'C:\users\abc\AppData\Roaming\MetaQuotes\Terminal\50CA3DFB510CC5A8F28B48D1BF2A5702\history\default\symbols.raw'
0	20:42:10.435	Migration: copied from 'C:\Program Files (x86)\MetaTrader 4\history\default\symbols.sel' to 'C:\users\abc\AppData\Roaming\MetaQuotes\Terminal\50CA3DFB510CC5A8F28B48D1BF2A5702\history\default\symbols.sel'
0	20:42:10.435	Migration: copied from 'C:\Program Files (x86)\MetaTrader 4\history\default\symgroups.raw' to 'C:\users\abc\AppData\Roaming\MetaQuotes\Terminal\50CA3DFB510CC5A8F28B48D1BF2A5702\history\default\symgroups.raw'
0	20:42:10.436	Migration: copied from 'C:\Program Files (x86)\MetaTrader 4\history\default\USDCHF240.hst' to 'C:\users\abc\AppData\Roaming\MetaQuotes\Terminal\50CA3DFB510CC5A8F28B48D1BF2A5702\history\default\USDCHF240.hst'
0	20:42:10.437	Migration: copied from 'C:\Program Files (x86)\MetaTrader 4\history\default\USDJPY240.hst' to 'C:\users\abc\AppData\Roaming\MetaQuotes\Terminal\50CA3DFB510CC5A8F28B48D1BF2A5702\history\default\USDJPY240.hst'
0	20:42:10.438	Migration: copied from 'C:\Program Files (x86)\MetaTrader 4\history\symbolsets\forex.set' to 'C:\users\abc\AppData\Roaming\MetaQuotes\Terminal\50CA3DFB510CC5A8F28B48D1BF2A5702\history\symbolsets\forex.set'
0	20:42:10.438	Migration: copied from 'C:\Program Files (x86)\MetaTrader 4\history\symbolsets\forexall.set' to 'C:\users\abc\AppData\Roaming\MetaQuotes\Terminal\50CA3DFB510CC5A8F28B48D1BF2A5702\history\symbolsets\forexall.set'
0	20:42:10.439	Migration: copied from 'C:\Program Files (x86)\MetaTrader 4\history\mailbox\1356998400.arabic' to 'C:\users\abc\AppData\Roaming\MetaQuotes\Terminal\50CA3DFB510CC5A8F28B48D1BF2A5702\history\mailbox\1356998400.arabic'
0	20:42:10.440	Migration: copied from 'C:\Program Files (x86)\MetaTrader 4\history\mailbox\1356998401.bulgarian' to 'C:\users\abc\AppData\Roaming\MetaQuotes\Terminal\50CA3DFB510CC5A8F28B48D1BF2A5702\history\mailbox\1356998401.bulgarian'
0	20:42:10.440	Migration: copied from 'C:\Program Files (x86)\MetaTrader 4\history\mailbox\1356998402.chinese (simplified)' to 'C:\users\abc\AppData\Roaming\MetaQuotes\Terminal\50CA3DFB510CC5A8F28B48D1BF2A5702\history\mailbox\1356998402.chinese (simplified)'
0	20:42:10.440	Migration: copied from 'C:\Program Files (x86)\MetaTrader 4\history\mailbox\1356998403.chinese (traditional)' to 'C:\users\abc\AppData\Roaming\MetaQuotes\Terminal\50CA3DFB510CC5A8F28B48D1BF2A5702\history\mailbox\1356998403.chinese (traditional)'
0	20:42:10.441	Migration: copied from 'C:\Program Files (x86)\MetaTrader 4\history\mailbox\1356998404.czech' to 'C:\users\abc\AppData\Roaming\MetaQuotes\Terminal\50CA3DFB510CC5A8F28B48D1BF2A5702\history\mailbox\1356998404.czech'
0	20:42:10.441	Migration: copied from 'C:\Program Files (x86)\MetaTrader 4\history\mailbox\1356998405.english' to 'C:\users\abc\AppData\Roaming\MetaQuotes\Terminal\50CA3DFB510CC5A8F28B48D1BF2A5702\history\mailbox\1356998405.english'
0	20:42:10.441	Migration: copied from 'C:\Program Files (x86)\MetaTrader 4\history\mailbox\1356998406.french' to 'C:\users\abc\AppData\Roaming\MetaQuotes\Terminal\50CA3DFB510CC5A8F28B48D1BF2A5702\history\mailbox\1356998406.french'
0	20:42:10.442	Migration: copied from 'C:\Program Files (x86)\MetaTrader 4\history\mailbox\1356998407.german' to 'C:\users\abc\AppData\Roaming\MetaQuotes\Terminal\50CA3DFB510CC5A8F28B48D1BF2A5702\history\mailbox\1356998407.german'
0	20:42:10.442	Migration: copied from 'C:\Program Files (x86)\MetaTrader 4\history\mailbox\1356998408.greek' to 'C:\users\abc\AppData\Roaming\MetaQuotes\Terminal\50CA3DFB510CC5A8F28B48D1BF2A5702\history\mailbox\1356998408.greek'
0	20:42:10.442	Migration: copied from 'C:\Program Files (x86)\MetaTrader 4\history\mailbox\1356998409.hebrew' to 'C:\users\abc\AppData\Roaming\MetaQuotes\Terminal\50CA3DFB510CC5A8F28B48D1BF2A5702\history\mailbox\1356998409.hebrew'
0	20:42:10.443	Migration: copied from 'C:\Program Files (x86)\MetaTrader 4\history\mailbox\1356998410.hungarian' to 'C:\users\abc\AppData\Roaming\MetaQuotes\Terminal\50CA3DFB510CC5A8F28B48D1BF2A5702\history\mailbox\1356998410.hungarian'
0	20:42:10.443	Migration: copied from 'C:\Program Files (x86)\MetaTrader 4\history\mailbox\1356998411.indonesian' to 'C:\users\abc\AppData\Roaming\MetaQuotes\Terminal\50CA3DFB510CC5A8F28B48D1BF2A5702\history\mailbox\1356998411.indonesian'
0	20:42:10.443	Migration: copied from 'C:\Program Files (x86)\MetaTrader 4\history\mailbox\1356998412.italian' to 'C:\users\abc\AppData\Roaming\MetaQuotes\Terminal\50CA3DFB510CC5A8F28B48D1BF2A5702\history\mailbox\1356998412.italian'
0	20:42:10.444	Migration: copied from 'C:\Program Files (x86)\MetaTrader 4\history\mailbox\1356998413.japanese' to 'C:\users\abc\AppData\Roaming\MetaQuotes\Terminal\50CA3DFB510CC5A8F28B48D1BF2A5702\history\mailbox\1356998413.japanese'
0	20:42:10.444	Migration: copied from 'C:\Program Files (x86)\MetaTrader 4\history\mailbox\1356998414.malay' to 'C:\users\abc\AppData\Roaming\MetaQuotes\Terminal\50CA3DFB510CC5A8F28B48D1BF2A5702\history\mailbox\1356998414.malay'
0	20:42:10.444	Migration: copied from 'C:\Program Files (x86)\MetaTrader 4\history\mailbox\1356998415.polish' to 'C:\users\abc\AppData\Roaming\MetaQuotes\Terminal\50CA3DFB510CC5A8F28B48D1BF2A5702\history\mailbox\1356998415.polish'
0	20:42:10.444	Migration: copied from 'C:\Program Files (x86)\MetaTrader 4\history\mailbox\1356998416.portuguese' to 'C:\users\abc\AppData\Roaming\MetaQuotes\Terminal\50CA3DFB510CC5A8F28B48D1BF2A5702\history\mailbox\1356998416.portuguese'
0	20:42:10.445	Migration: copied from 'C:\Program Files (x86)\MetaTrader 4\history\mailbox\1356998417.russian' to 'C:\users\abc\AppData\Roaming\MetaQuotes\Terminal\50CA3DFB510CC5A8F28B48D1BF2A5702\history\mailbox\1356998417.russian'
0	20:42:10.445	Migration: copied from 'C:\Program Files (x86)\MetaTrader 4\history\mailbox\1356998418.slovenian' to 'C:\users\abc\AppData\Roaming\MetaQuotes\Terminal\50CA3DFB510CC5A8F28B48D1BF2A5702\history\mailbox\1356998418.slovenian'
0	20:42:10.445	Migration: copied from 'C:\Program Files (x86)\MetaTrader 4\history\mailbox\1356998419.spanish' to 'C:\users\abc\AppData\Roaming\MetaQuotes\Terminal\50CA3DFB510CC5A8F28B48D1BF2A5702\history\mailbox\1356998419.spanish'
0	20:42:10.446	Migration: copied from 'C:\Program Files (x86)\MetaTrader 4\history\mailbox\1356998420.tajik' to 'C:\users\abc\AppData\Roaming\MetaQuotes\Terminal\50CA3DFB510CC5A8F28B48D1BF2A5702\history\mailbox\1356998420.tajik'
0	20:42:10.446	Migration: copied from 'C:\Program Files (x86)\MetaTrader 4\history\mailbox\1356998421.thai' to 'C:\users\abc\AppData\Roaming\MetaQuotes\Terminal\50CA3DFB510CC5A8F28B48D1BF2A5702\history\mailbox\1356998421.thai'
0	20:42:10.446	Migration: copied from 'C:\Program Files (x86)\MetaTrader 4\history\mailbox\1356998422.turkish' to 'C:\users\abc\AppData\Roaming\MetaQuotes\Terminal\50CA3DFB510CC5A8F28B48D1BF2A5702\history\mailbox\1356998422.turkish'
0	20:42:10.447	Migration: copied from 'C:\Program Files (x86)\MetaTrader 4\history\mailbox\1356998423.uzbek' to 'C:\users\abc\AppData\Roaming\MetaQuotes\Terminal\50CA3DFB510CC5A8F28B48D1BF2A5702\history\mailbox\1356998423.uzbek'
0	20:42:10.447	Migration: copied from 'C:\Program Files (x86)\MetaTrader 4\history\mailbox\1356998424.vietnamese' to 'C:\users\abc\AppData\Roaming\MetaQuotes\Terminal\50CA3DFB510CC5A8F28B48D1BF2A5702\history\mailbox\1356998424.vietnamese'
0	20:42:10.447	Migration: copied from 'C:\Program Files (x86)\MetaTrader 4\history\mailbox\1356998425.arabic' to 'C:\users\abc\AppData\Roaming\MetaQuotes\Terminal\50CA3DFB510CC5A8F28B48D1BF2A5702\history\mailbox\1356998425.arabic'
0	20:42:10.448	Migration: copied from 'C:\Program Files (x86)\MetaTrader 4\history\mailbox\1356998426.bulgarian' to 'C:\users\abc\AppData\Roaming\MetaQuotes\Terminal\50CA3DFB510CC5A8F28B48D1BF2A5702\history\mailbox\1356998426.bulgarian'
0	20:42:10.448	Migration: copied from 'C:\Program Files (x86)\MetaTrader 4\history\mailbox\1356998427.chinese (simplified)' to 'C:\users\abc\AppData\Roaming\MetaQuotes\Terminal\50CA3DFB510CC5A8F28B48D1BF2A5702\history\mailbox\1356998427.chinese (simplified)'
0	20:42:10.448	Migration: copied from 'C:\Program Files (x86)\MetaTrader 4\history\mailbox\1356998428.chinese (traditional)' to 'C:\users\abc\AppData\Roaming\MetaQuotes\Terminal\50CA3DFB510CC5A8F28B48D1BF2A5702\history\mailbox\1356998428.chinese (traditional)'
0	20:42:10.449	Migration: copied from 'C:\Program Files (x86)\MetaTrader 4\history\mailbox\1356998429.czech' to 'C:\users\abc\AppData\Roaming\MetaQuotes\Terminal\50CA3DFB510CC5A8F28B48D1BF2A5702\history\mailbox\1356998429.czech'
0	20:42:10.449	Migration: copied from 'C:\Program Files (x86)\MetaTrader 4\history\mailbox\1356998430.english' to 'C:\users\abc\AppData\Roaming\MetaQuotes\Terminal\50CA3DFB510CC5A8F28B48D1BF2A5702\history\mailbox\1356998430.english'
0	20:42:10.449	Migration: copied from 'C:\Program Files (x86)\MetaTrader 4\history\mailbox\1356998431.french' to 'C:\users\abc\AppData\Roaming\MetaQuotes\Terminal\50CA3DFB510CC5A8F28B48D1BF2A5702\history\mailbox\1356998431.french'
0	20:42:10.450	Migration: copied from 'C:\Program Files (x86)\MetaTrader 4\history\mailbox\1356998432.german' to 'C:\users\abc\AppData\Roaming\MetaQuotes\Terminal\50CA3DFB510CC5A8F28B48D1BF2A5702\history\mailbox\1356998432.german'
0	20:42:10.450	Migration: copied from 'C:\Program Files (x86)\MetaTrader 4\history\mailbox\1356998433.greek' to 'C:\users\abc\AppData\Roaming\MetaQuotes\Terminal\50CA3DFB510CC5A8F28B48D1BF2A5702\history\mailbox\1356998433.greek'
0	20:42:10.450	Migration: copied from 'C:\Program Files (x86)\MetaTrader 4\history\mailbox\1356998434.hebrew' to 'C:\users\abc\AppData\Roaming\MetaQuotes\Terminal\50CA3DFB510CC5A8F28B48D1BF2A5702\history\mailbox\1356998434.hebrew'
0	20:42:10.451	Migration: copied from 'C:\Program Files (x86)\MetaTrader 4\history\mailbox\1356998435.hungarian' to 'C:\users\abc\AppData\Roaming\MetaQuotes\Terminal\50CA3DFB510CC5A8F28B48D1BF2A5702\history\mailbox\1356998435.hungarian'
0	20:42:10.451	Migration: copied from 'C:\Program Files (x86)\MetaTrader 4\history\mailbox\1356998436.indonesian' to 'C:\users\abc\AppData\Roaming\MetaQuotes\Terminal\50CA3DFB510CC5A8F28B48D1BF2A5702\history\mailbox\1356998436.indonesian'
0	20:42:10.451	Migration: copied from 'C:\Program Files (x86)\MetaTrader 4\history\mailbox\1356998437.italian' to 'C:\users\abc\AppData\Roaming\MetaQuotes\Terminal\50CA3DFB510CC5A8F28B48D1BF2A5702\history\mailbox\1356998437.italian'
0	20:42:10.452	Migration: copied from 'C:\Program Files (x86)\MetaTrader 4\history\mailbox\1356998438.japanese' to 'C:\users\abc\AppData\Roaming\MetaQuotes\Terminal\50CA3DFB510CC5A8F28B48D1BF2A5702\history\mailbox\1356998438.japanese'
0	20:42:10.452	Migration: copied from 'C:\Program Files (x86)\MetaTrader 4\history\mailbox\1356998439.malay' to 'C:\users\abc\AppData\Roaming\MetaQuotes\Terminal\50CA3DFB510CC5A8F28B48D1BF2A5702\history\mailbox\1356998439.malay'
0	20:42:10.452	Migration: copied from 'C:\Program Files (x86)\MetaTrader 4\history\mailbox\1356998440.polish' to 'C:\users\abc\AppData\Roaming\MetaQuotes\Terminal\50CA3DFB510CC5A8F28B48D1BF2A5702\history\mailbox\1356998440.polish'
0	20:42:10.452	Migration: copied from 'C:\Program Files (x86)\MetaTrader 4\history\mailbox\1356998441.portuguese' to 'C:\users\abc\AppData\Roaming\MetaQuotes\Terminal\50CA3DFB510CC5A8F28B48D1BF2A5702\history\mailbox\1356998441.portuguese'
0	20:42:10.453	Migration: copied from 'C:\Program Files (x86)\MetaTrader 4\history\mailbox\1356998442.russian' to 'C:\users\abc\AppData\Roaming\MetaQuotes\Terminal\50CA3DFB510CC5A8F28B48D1BF2A5702\history\mailbox\1356998442.russian'
0	20:42:10.453	Migration: copied from 'C:\Program Files (x86)\MetaTrader 4\history\mailbox\1356998443.slovenian' to 'C:\users\abc\AppData\Roaming\MetaQuotes\Terminal\50CA3DFB510CC5A8F28B48D1BF2A5702\history\mailbox\1356998443.slovenian'
0	20:42:10.454	Migration: copied from 'C:\Program Files (x86)\MetaTrader 4\history\mailbox\1356998444.spanish' to 'C:\users\abc\AppData\Roaming\MetaQuotes\Terminal\50CA3DFB510CC5A8F28B48D1BF2A5702\history\mailbox\1356998444.spanish'
0	20:42:10.454	Migration: copied from 'C:\Program Files (x86)\MetaTrader 4\history\mailbox\1356998445.tajik' to 'C:\users\abc\AppData\Roaming\MetaQuotes\Terminal\50CA3DFB510CC5A8F28B48D1BF2A5702\history\mailbox\1356998445.tajik'
0	20:42:10.454	Migration: copied from 'C:\Program Files (x86)\MetaTrader 4\history\mailbox\1356998446.thai' to 'C:\users\abc\AppData\Roaming\MetaQuotes\Terminal\50CA3DFB510CC5A8F28B48D1BF2A5702\history\mailbox\1356998446.thai'
0	20:42:10.455	Migration: copied from 'C:\Program Files (x86)\MetaTrader 4\history\mailbox\1356998447.turkish' to 'C:\users\abc\AppData\Roaming\MetaQuotes\Terminal\50CA3DFB510CC5A8F28B48D1BF2A5702\history\mailbox\1356998447.turkish'
0	20:42:10.455	Migration: copied from 'C:\Program Files (x86)\MetaTrader 4\history\mailbox\1356998448.uzbek' to 'C:\users\abc\AppData\Roaming\MetaQuotes\Terminal\50CA3DFB510CC5A8F28B48D1BF2A5702\history\mailbox\1356998448.uzbek'
0	20:42:10.456	Migration: copied from 'C:\Program Files (x86)\MetaTrader 4\history\mailbox\1356998449.vietnamese' to 'C:\users\abc\AppData\Roaming\MetaQuotes\Terminal\50CA3DFB510CC5A8F28B48D1BF2A5702\history\mailbox\1356998449.vietnamese'
0	20:42:10.456	Migration: copied from 'C:\Program Files (x86)\MetaTrader 4\history\mailbox\1356998450.arabic' to 'C:\users\abc\AppData\Roaming\MetaQuotes\Terminal\50CA3DFB510CC5A8F28B48D1BF2A5702\history\mailbox\1356998450.arabic'
0	20:42:10.457	Migration: copied from 'C:\Program Files (x86)\MetaTrader 4\history\mailbox\1356998451.bulgarian' to 'C:\users\abc\AppData\Roaming\MetaQuotes\Terminal\50CA3DFB510CC5A8F28B48D1BF2A5702\history\mailbox\1356998451.bulgarian'
0	20:42:10.457	Migration: copied from 'C:\Program Files (x86)\MetaTrader 4\history\mailbox\1356998452.chinese (simplified)' to 'C:\users\abc\AppData\Roaming\MetaQuotes\Terminal\50CA3DFB510CC5A8F28B48D1BF2A5702\history\mailbox\1356998452.chinese (simplified)'
0	20:42:10.457	Migration: copied from 'C:\Program Files (x86)\MetaTrader 4\history\mailbox\1356998453.chinese (traditional)' to 'C:\users\abc\AppData\Roaming\MetaQuotes\Terminal\50CA3DFB510CC5A8F28B48D1BF2A5702\history\mailbox\1356998453.chinese (traditional)'
0	20:42:10.458	Migration: copied from 'C:\Program Files (x86)\MetaTrader 4\history\mailbox\1356998454.czech' to 'C:\users\abc\AppData\Roaming\MetaQuotes\Terminal\50CA3DFB510CC5A8F28B48D1BF2A5702\history\mailbox\1356998454.czech'
0	20:42:10.458	Migration: copied from 'C:\Program Files (x86)\MetaTrader 4\history\mailbox\1356998455.english' to 'C:\users\abc\AppData\Roaming\MetaQuotes\Terminal\50CA3DFB510CC5A8F28B48D1BF2A5702\history\mailbox\1356998455.english'
0	20:42:10.458	Migration: copied from 'C:\Program Files (x86)\MetaTrader 4\history\mailbox\1356998456.french' to 'C:\users\abc\AppData\Roaming\MetaQuotes\Terminal\50CA3DFB510CC5A8F28B48D1BF2A5702\history\mailbox\1356998456.french'
0	20:42:10.459	Migration: copied from 'C:\Program Files (x86)\MetaTrader 4\history\mailbox\1356998457.german' to 'C:\users\abc\AppData\Roaming\MetaQuotes\Terminal\50CA3DFB510CC5A8F28B48D1BF2A5702\history\mailbox\1356998457.german'
0	20:42:10.459	Migration: copied from 'C:\Program Files (x86)\MetaTrader 4\history\mailbox\1356998458.greek' to 'C:\users\abc\AppData\Roaming\MetaQuotes\Terminal\50CA3DFB510CC5A8F28B48D1BF2A5702\history\mailbox\1356998458.greek'
0	20:42:10.460	Migration: copied from 'C:\Program Files (x86)\MetaTrader 4\history\mailbox\1356998459.hebrew' to 'C:\users\abc\AppData\Roaming\MetaQuotes\Terminal\50CA3DFB510CC5A8F28B48D1BF2A5702\history\mailbox\1356998459.hebrew'
0	20:42:10.460	Migration: copied from 'C:\Program Files (x86)\MetaTrader 4\history\mailbox\1356998460.hungarian' to 'C:\users\abc\AppData\Roaming\MetaQuotes\Terminal\50CA3DFB510CC5A8F28B48D1BF2A5702\history\mailbox\1356998460.hungarian'
0	20:42:10.460	Migration: copied from 'C:\Program Files (x86)\MetaTrader 4\history\mailbox\1356998461.indonesian' to 'C:\users\abc\AppData\Roaming\MetaQuotes\Terminal\50CA3DFB510CC5A8F28B48D1BF2A5702\history\mailbox\1356998461.indonesian'
0	20:42:10.461	Migration: copied from 'C:\Program Files (x86)\MetaTrader 4\history\mailbox\1356998462.italian' to 'C:\users\abc\AppData\Roaming\MetaQuotes\Terminal\50CA3DFB510CC5A8F28B48D1BF2A5702\history\mailbox\1356998462.italian'
0	20:42:10.461	Migration: copied from 'C:\Program Files (x86)\MetaTrader 4\history\mailbox\1356998463.japanese' to 'C:\users\abc\AppData\Roaming\MetaQuotes\Terminal\50CA3DFB510CC5A8F28B48D1BF2A5702\history\mailbox\1356998463.japanese'
0	20:42:10.462	Migration: copied from 'C:\Program Files (x86)\MetaTrader 4\history\mailbox\1356998464.malay' to 'C:\users\abc\AppData\Roaming\MetaQuotes\Terminal\50CA3DFB510CC5A8F28B48D1BF2A5702\history\mailbox\1356998464.malay'
0	20:42:10.462	Migration: copied from 'C:\Program Files (x86)\MetaTrader 4\history\mailbox\1356998465.polish' to 'C:\users\abc\AppData\Roaming\MetaQuotes\Terminal\50CA3DFB510CC5A8F28B48D1BF2A5702\history\mailbox\1356998465.polish'
0	20:42:10.462	Migration: copied from 'C:\Program Files (x86)\MetaTrader 4\history\mailbox\1356998466.portuguese' to 'C:\users\abc\AppData\Roaming\MetaQuotes\Terminal\50CA3DFB510CC5A8F28B48D1BF2A5702\history\mailbox\1356998466.portuguese'
0	20:42:10.463	Migration: copied from 'C:\Program Files (x86)\MetaTrader 4\history\mailbox\1356998467.russian' to 'C:\users\abc\AppData\Roaming\MetaQuotes\Terminal\50CA3DFB510CC5A8F28B48D1BF2A5702\history\mailbox\1356998467.russian'
0	20:42:10.463	Migration: copied from 'C:\Program Files (x86)\MetaTrader 4\history\mailbox\1356998468.slovenian' to 'C:\users\abc\AppData\Roaming\MetaQuotes\Terminal\50CA3DFB510CC5A8F28B48D1BF2A5702\history\mailbox\1356998468.slovenian'
0	20:42:10.463	Migration: copied from 'C:\Program Files (x86)\MetaTrader 4\history\mailbox\1356998469.spanish' to 'C:\users\abc\AppData\Roaming\MetaQuotes\Terminal\50CA3DFB510CC5A8F28B48D1BF2A5702\history\mailbox\1356998469.spanish'
0	20:42:10.464	Migration: copied from 'C:\Program Files (x86)\MetaTrader 4\history\mailbox\1356998470.tajik' to 'C:\users\abc\AppData\Roaming\MetaQuotes\Terminal\50CA3DFB510CC5A8F28B48D1BF2A5702\history\mailbox\1356998470.tajik'
0	20:42:10.464	Migration: copied from 'C:\Program Files (x86)\MetaTrader 4\history\mailbox\1356998471.thai' to 'C:\users\abc\AppData\Roaming\MetaQuotes\Terminal\50CA3DFB510CC5A8F28B48D1BF2A5702\history\mailbox\1356998471.thai'
0	20:42:10.465	Migration: copied from 'C:\Program Files (x86)\MetaTrader 4\history\mailbox\1356998472.turkish' to 'C:\users\abc\AppData\Roaming\MetaQuotes\Terminal\50CA3DFB510CC5A8F28B48D1BF2A5702\history\mailbox\1356998472.turkish'
0	20:42:10.465	Migration: copied from 'C:\Program Files (x86)\MetaTrader 4\history\mailbox\1356998473.uzbek' to 'C:\users\abc\AppData\Roaming\MetaQuotes\Terminal\50CA3DFB510CC5A8F28B48D1BF2A5702\history\mailbox\1356998473.uzbek'
0	20:42:10.465	Migration: copied from 'C:\Program Files (x86)\MetaTrader 4\history\mailbox\1356998474.vietnamese' to 'C:\users\abc\AppData\Roaming\MetaQuotes\Terminal\50CA3DFB510CC5A8F28B48D1BF2A5702\history\mailbox\1356998474.vietnamese'
0	20:42:10.466	Migration: copied from 'C:\Program Files (x86)\MetaTrader 4\history\mailbox\1356998475.arabic' to 'C:\users\abc\AppData\Roaming\MetaQuotes\Terminal\50CA3DFB510CC5A8F28B48D1BF2A5702\history\mailbox\1356998475.arabic'
0	20:42:10.466	Migration: copied from 'C:\Program Files (x86)\MetaTrader 4\history\mailbox\1356998476.bulgarian' to 'C:\users\abc\AppData\Roaming\MetaQuotes\Terminal\50CA3DFB510CC5A8F28B48D1BF2A5702\history\mailbox\1356998476.bulgarian'
0	20:42:10.467	Migration: copied from 'C:\Program Files (x86)\MetaTrader 4\history\mailbox\1356998477.chinese (simplified)' to 'C:\users\abc\AppData\Roaming\MetaQuotes\Terminal\50CA3DFB510CC5A8F28B48D1BF2A5702\history\mailbox\1356998477.chinese (simplified)'
0	20:42:10.467	Migration: copied from 'C:\Program Files (x86)\MetaTrader 4\history\mailbox\1356998478.chinese (traditional)' to 'C:\users\abc\AppData\Roaming\MetaQuotes\Terminal\50CA3DFB510CC5A8F28B48D1BF2A5702\history\mailbox\1356998478.chinese (traditional)'
0	20:42:10.468	Migration: copied from 'C:\Program Files (x86)\MetaTrader 4\history\mailbox\1356998479.czech' to 'C:\users\abc\AppData\Roaming\MetaQuotes\Terminal\50CA3DFB510CC5A8F28B48D1BF2A5702\history\mailbox\1356998479.czech'
0	20:42:10.468	Migration: copied from 'C:\Program Files (x86)\MetaTrader 4\history\mailbox\1356998480.english' to 'C:\users\abc\AppData\Roaming\MetaQuotes\Terminal\50CA3DFB510CC5A8F28B48D1BF2A5702\history\mailbox\1356998480.english'
0	20:42:10.468	Migration: copied from 'C:\Program Files (x86)\MetaTrader 4\history\mailbox\1356998481.french' to 'C:\users\abc\AppData\Roaming\MetaQuotes\Terminal\50CA3DFB510CC5A8F28B48D1BF2A5702\history\mailbox\1356998481.french'
0	20:42:10.469	Migration: copied from 'C:\Program Files (x86)\MetaTrader 4\history\mailbox\1356998482.german' to 'C:\users\abc\AppData\Roaming\MetaQuotes\Terminal\50CA3DFB510CC5A8F28B48D1BF2A5702\history\mailbox\1356998482.german'
0	20:42:10.495	Migration: copied from 'C:\Program Files (x86)\MetaTrader 4\history\mailbox\1356998483.greek' to 'C:\users\abc\AppData\Roaming\MetaQuotes\Terminal\50CA3DFB510CC5A8F28B48D1BF2A5702\history\mailbox\1356998483.greek'
0	20:42:10.495	Migration: copied from 'C:\Program Files (x86)\MetaTrader 4\history\mailbox\1356998484.hebrew' to 'C:\users\abc\AppData\Roaming\MetaQuotes\Terminal\50CA3DFB510CC5A8F28B48D1BF2A5702\history\mailbox\1356998484.hebrew'
0	20:42:10.496	Migration: copied from 'C:\Program Files (x86)\MetaTrader 4\history\mailbox\1356998485.hungarian' to 'C:\users\abc\AppData\Roaming\MetaQuotes\Terminal\50CA3DFB510CC5A8F28B48D1BF2A5702\history\mailbox\1356998485.hungarian'
0	20:42:10.496	Migration: copied from 'C:\Program Files (x86)\MetaTrader 4\history\mailbox\1356998486.indonesian' to 'C:\users\abc\AppData\Roaming\MetaQuotes\Terminal\50CA3DFB510CC5A8F28B48D1BF2A5702\history\mailbox\1356998486.indonesian'
0	20:42:10.497	Migration: copied from 'C:\Program Files (x86)\MetaTrader 4\history\mailbox\1356998487.italian' to 'C:\users\abc\AppData\Roaming\MetaQuotes\Terminal\50CA3DFB510CC5A8F28B48D1BF2A5702\history\mailbox\1356998487.italian'
0	20:42:10.497	Migration: copied from 'C:\Program Files (x86)\MetaTrader 4\history\mailbox\1356998488.japanese' to 'C:\users\abc\AppData\Roaming\MetaQuotes\Terminal\50CA3DFB510CC5A8F28B48D1BF2A5702\history\mailbox\1356998488.japanese'
0	20:42:10.497	Migration: copied from 'C:\Program Files (x86)\MetaTrader 4\history\mailbox\1356998489.malay' to 'C:\users\abc\AppData\Roaming\MetaQuotes\Terminal\50CA3DFB510CC5A8F28B48D1BF2A5702\history\mailbox\1356998489.malay'
0	20:42:10.498	Migration: copied from 'C:\Program Files (x86)\MetaTrader 4\history\mailbox\1356998490.polish' to 'C:\users\abc\AppData\Roaming\MetaQuotes\Terminal\50CA3DFB510CC5A8F28B48D1BF2A5702\history\mailbox\1356998490.polish'
0	20:42:10.498	Migration: copied from 'C:\Program Files (x86)\MetaTrader 4\history\mailbox\1356998491.portuguese' to 'C:\users\abc\AppData\Roaming\MetaQuotes\Terminal\50CA3DFB510CC5A8F28B48D1BF2A5702\history\mailbox\1356998491.portuguese'
0	20:42:10.499	Migration: copied from 'C:\Program Files (x86)\MetaTrader 4\history\mailbox\1356998492.russian' to 'C:\users\abc\AppData\Roaming\MetaQuotes\Terminal\50CA3DFB510CC5A8F28B48D1BF2A5702\history\mailbox\1356998492.russian'
0	20:42:10.499	Migration: copied from 'C:\Program Files (x86)\MetaTrader 4\history\mailbox\1356998493.slovenian' to 'C:\users\abc\AppData\Roaming\MetaQuotes\Terminal\50CA3DFB510CC5A8F28B48D1BF2A5702\history\mailbox\1356998493.slovenian'
0	20:42:10.500	Migration: copied from 'C:\Program Files (x86)\MetaTrader 4\history\mailbox\1356998494.spanish' to 'C:\users\abc\AppData\Roaming\MetaQuotes\Terminal\50CA3DFB510CC5A8F28B48D1BF2A5702\history\mailbox\1356998494.spanish'
0	20:42:10.500	Migration: copied from 'C:\Program Files (x86)\MetaTrader 4\history\mailbox\1356998495.tajik' to 'C:\users\abc\AppData\Roaming\MetaQuotes\Terminal\50CA3DFB510CC5A8F28B48D1BF2A5702\history\mailbox\1356998495.tajik'
0	20:42:10.501	Migration: copied from 'C:\Program Files (x86)\MetaTrader 4\history\mailbox\1356998496.thai' to 'C:\users\abc\AppData\Roaming\MetaQuotes\Terminal\50CA3DFB510CC5A8F28B48D1BF2A5702\history\mailbox\1356998496.thai'
0	20:42:10.501	Migration: copied from 'C:\Program Files (x86)\MetaTrader 4\history\mailbox\1356998497.turkish' to 'C:\users\abc\AppData\Roaming\MetaQuotes\Terminal\50CA3DFB510CC5A8F28B48D1BF2A5702\history\mailbox\1356998497.turkish'
0	20:42:10.502	Migration: copied from 'C:\Program Files (x86)\MetaTrader 4\history\mailbox\1356998498.uzbek' to 'C:\users\abc\AppData\Roaming\MetaQuotes\Terminal\50CA3DFB510CC5A8F28B48D1BF2A5702\history\mailbox\1356998498.uzbek'
0	20:42:10.502	Migration: copied from 'C:\Program Files (x86)\MetaTrader 4\history\mailbox\1356998499.vietnamese' to 'C:\users\abc\AppData\Roaming\MetaQuotes\Terminal\50CA3DFB510CC5A8F28B48D1BF2A5702\history\mailbox\1356998499.vietnamese'
0	20:42:10.502	Migration: copied from 'C:\Program Files (x86)\MetaTrader 4\history\mailbox\1356998500.arabic' to 'C:\users\abc\AppData\Roaming\MetaQuotes\Terminal\50CA3DFB510CC5A8F28B48D1BF2A5702\history\mailbox\1356998500.arabic'
0	20:42:10.503	Migration: copied from 'C:\Program Files (x86)\MetaTrader 4\history\mailbox\1356998501.bulgarian' to 'C:\users\abc\AppData\Roaming\MetaQuotes\Terminal\50CA3DFB510CC5A8F28B48D1BF2A5702\history\mailbox\1356998501.bulgarian'
0	20:42:10.503	Migration: copied from 'C:\Program Files (x86)\MetaTrader 4\history\mailbox\1356998502.chinese (simplified)' to 'C:\users\abc\AppData\Roaming\MetaQuotes\Terminal\50CA3DFB510CC5A8F28B48D1BF2A5702\history\mailbox\1356998502.chinese (simplified)'
0	20:42:10.504	Migration: copied from 'C:\Program Files (x86)\MetaTrader 4\history\mailbox\1356998503.chinese (traditional)' to 'C:\users\abc\AppData\Roaming\MetaQuotes\Terminal\50CA3DFB510CC5A8F28B48D1BF2A5702\history\mailbox\1356998503.chinese (traditional)'
0	20:42:10.504	Migration: copied from 'C:\Program Files (x86)\MetaTrader 4\history\mailbox\1356998504.czech' to 'C:\users\abc\AppData\Roaming\MetaQuotes\Terminal\50CA3DFB510CC5A8F28B48D1BF2A5702\history\mailbox\1356998504.czech'
0	20:42:10.505	Migration: copied from 'C:\Program Files (x86)\MetaTrader 4\history\mailbox\1356998505.english' to 'C:\users\abc\AppData\Roaming\MetaQuotes\Terminal\50CA3DFB510CC5A8F28B48D1BF2A5702\history\mailbox\1356998505.english'
0	20:42:10.505	Migration: copied from 'C:\Program Files (x86)\MetaTrader 4\history\mailbox\1356998506.french' to 'C:\users\abc\AppData\Roaming\MetaQuotes\Terminal\50CA3DFB510CC5A8F28B48D1BF2A5702\history\mailbox\1356998506.french'
0	20:42:10.505	Migration: copied from 'C:\Program Files (x86)\MetaTrader 4\history\mailbox\1356998507.german' to 'C:\users\abc\AppData\Roaming\MetaQuotes\Terminal\50CA3DFB510CC5A8F28B48D1BF2A5702\history\mailbox\1356998507.german'
0	20:42:10.506	Migration: copied from 'C:\Program Files (x86)\MetaTrader 4\history\mailbox\1356998508.greek' to 'C:\users\abc\AppData\Roaming\MetaQuotes\Terminal\50CA3DFB510CC5A8F28B48D1BF2A5702\history\mailbox\1356998508.greek'
0	20:42:10.506	Migration: copied from 'C:\Program Files (x86)\MetaTrader 4\history\mailbox\1356998509.hebrew' to 'C:\users\abc\AppData\Roaming\MetaQuotes\Terminal\50CA3DFB510CC5A8F28B48D1BF2A5702\history\mailbox\1356998509.hebrew'
0	20:42:10.507	Migration: copied from 'C:\Program Files (x86)\MetaTrader 4\history\mailbox\1356998510.hungarian' to 'C:\users\abc\AppData\Roaming\MetaQuotes\Terminal\50CA3DFB510CC5A8F28B48D1BF2A5702\history\mailbox\1356998510.hungarian'
0	20:42:10.507	Migration: copied from 'C:\Program Files (x86)\MetaTrader 4\history\mailbox\1356998511.indonesian' to 'C:\users\abc\AppData\Roaming\MetaQuotes\Terminal\50CA3DFB510CC5A8F28B48D1BF2A5702\history\mailbox\1356998511.indonesian'
0	20:42:10.508	Migration: copied from 'C:\Program Files (x86)\MetaTrader 4\history\mailbox\1356998512.italian' to 'C:\users\abc\AppData\Roaming\MetaQuotes\Terminal\50CA3DFB510CC5A8F28B48D1BF2A5702\history\mailbox\1356998512.italian'
0	20:42:10.508	Migration: copied from 'C:\Program Files (x86)\MetaTrader 4\history\mailbox\1356998513.japanese' to 'C:\users\abc\AppData\Roaming\MetaQuotes\Terminal\50CA3DFB510CC5A8F28B48D1BF2A5702\history\mailbox\1356998513.japanese'
0	20:42:10.508	Migration: copied from 'C:\Program Files (x86)\MetaTrader 4\history\mailbox\1356998514.malay' to 'C:\users\abc\AppData\Roaming\MetaQuotes\Terminal\50CA3DFB510CC5A8F28B48D1BF2A5702\history\mailbox\1356998514.malay'
0	20:42:10.509	Migration: copied from 'C:\Program Files (x86)\MetaTrader 4\history\mailbox\1356998515.polish' to 'C:\users\abc\AppData\Roaming\MetaQuotes\Terminal\50CA3DFB510CC5A8F28B48D1BF2A5702\history\mailbox\1356998515.polish'
0	20:42:10.509	Migration: copied from 'C:\Program Files (x86)\MetaTrader 4\history\mailbox\1356998516.portuguese' to 'C:\users\abc\AppData\Roaming\MetaQuotes\Terminal\50CA3DFB510CC5A8F28B48D1BF2A5702\history\mailbox\1356998516.portuguese'
0	20:42:10.510	Migration: copied from 'C:\Program Files (x86)\MetaTrader 4\history\mailbox\1356998517.russian' to 'C:\users\abc\AppData\Roaming\MetaQuotes\Terminal\50CA3DFB510CC5A8F28B48D1BF2A5702\history\mailbox\1356998517.russian'
0	20:42:10.510	Migration: copied from 'C:\Program Files (x86)\MetaTrader 4\history\mailbox\1356998518.slovenian' to 'C:\users\abc\AppData\Roaming\MetaQuotes\Terminal\50CA3DFB510CC5A8F28B48D1BF2A5702\history\mailbox\1356998518.slovenian'
0	20:42:10.511	Migration: copied from 'C:\Program Files (x86)\MetaTrader 4\history\mailbox\1356998519.spanish' to 'C:\users\abc\AppData\Roaming\MetaQuotes\Terminal\50CA3DFB510CC5A8F28B48D1BF2A5702\history\mailbox\1356998519.spanish'
0	20:42:10.511	Migration: copied from 'C:\Program Files (x86)\MetaTrader 4\history\mailbox\1356998520.tajik' to 'C:\users\abc\AppData\Roaming\MetaQuotes\Terminal\50CA3DFB510CC5A8F28B48D1BF2A5702\history\mailbox\1356998520.tajik'
0	20:42:10.512	Migration: copied from 'C:\Program Files (x86)\MetaTrader 4\history\mailbox\1356998521.thai' to 'C:\users\abc\AppData\Roaming\MetaQuotes\Terminal\50CA3DFB510CC5A8F28B48D1BF2A5702\history\mailbox\1356998521.thai'
0	20:42:10.512	Migration: copied from 'C:\Program Files (x86)\MetaTrader 4\history\mailbox\1356998522.turkish' to 'C:\users\abc\AppData\Roaming\MetaQuotes\Terminal\50CA3DFB510CC5A8F28B48D1BF2A5702\history\mailbox\1356998522.turkish'
0	20:42:10.512	Migration: copied from 'C:\Program Files (x86)\MetaTrader 4\history\mailbox\1356998523.uzbek' to 'C:\users\abc\AppData\Roaming\MetaQuotes\Terminal\50CA3DFB510CC5A8F28B48D1BF2A5702\history\mailbox\1356998523.uzbek'
0	20:42:10.513	Migration: copied from 'C:\Program Files (x86)\MetaTrader 4\history\mailbox\1356998524.vietnamese' to 'C:\users\abc\AppData\Roaming\MetaQuotes\Terminal\50CA3DFB510CC5A8F28B48D1BF2A5702\history\mailbox\1356998524.vietnamese'
0	20:42:10.513	Migration: copied from 'C:\Program Files (x86)\MetaTrader 4\history\mailbox\1356998525.arabic' to 'C:\users\abc\AppData\Roaming\MetaQuotes\Terminal\50CA3DFB510CC5A8F28B48D1BF2A5702\history\mailbox\1356998525.arabic'
0	20:42:10.514	Migration: copied from 'C:\Program Files (x86)\MetaTrader 4\history\mailbox\1356998526.bulgarian' to 'C:\users\abc\AppData\Roaming\MetaQuotes\Terminal\50CA3DFB510CC5A8F28B48D1BF2A5702\history\mailbox\1356998526.bulgarian'
0	20:42:10.514	Migration: copied from 'C:\Program Files (x86)\MetaTrader 4\history\mailbox\1356998527.chinese (simplified)' to 'C:\users\abc\AppData\Roaming\MetaQuotes\Terminal\50CA3DFB510CC5A8F28B48D1BF2A5702\history\mailbox\1356998527.chinese (simplified)'
0	20:42:10.515	Migration: copied from 'C:\Program Files (x86)\MetaTrader 4\history\mailbox\1356998528.chinese (traditional)' to 'C:\users\abc\AppData\Roaming\MetaQuotes\Terminal\50CA3DFB510CC5A8F28B48D1BF2A5702\history\mailbox\1356998528.chinese (traditional)'
0	20:42:10.515	Migration: copied from 'C:\Program Files (x86)\MetaTrader 4\history\mailbox\1356998529.czech' to 'C:\users\abc\AppData\Roaming\MetaQuotes\Terminal\50CA3DFB510CC5A8F28B48D1BF2A5702\history\mailbox\1356998529.czech'
0	20:42:10.515	Migration: copied from 'C:\Program Files (x86)\MetaTrader 4\history\mailbox\1356998530.english' to 'C:\users\abc\AppData\Roaming\MetaQuotes\Terminal\50CA3DFB510CC5A8F28B48D1BF2A5702\history\mailbox\1356998530.english'
0	20:42:10.516	Migration: copied from 'C:\Program Files (x86)\MetaTrader 4\history\mailbox\1356998531.french' to 'C:\users\abc\AppData\Roaming\MetaQuotes\Terminal\50CA3DFB510CC5A8F28B48D1BF2A5702\history\mailbox\1356998531.french'
0	20:42:10.516	Migration: copied from 'C:\Program Files (x86)\MetaTrader 4\history\mailbox\1356998532.german' to 'C:\users\abc\AppData\Roaming\MetaQuotes\Terminal\50CA3DFB510CC5A8F28B48D1BF2A5702\history\mailbox\1356998532.german'
0	20:42:10.517	Migration: copied from 'C:\Program Files (x86)\MetaTrader 4\history\mailbox\1356998533.greek' to 'C:\users\abc\AppData\Roaming\MetaQuotes\Terminal\50CA3DFB510CC5A8F28B48D1BF2A5702\history\mailbox\1356998533.greek'
0	20:42:10.517	Migration: copied from 'C:\Program Files (x86)\MetaTrader 4\history\mailbox\1356998534.hebrew' to 'C:\users\abc\AppData\Roaming\MetaQuotes\Terminal\50CA3DFB510CC5A8F28B48D1BF2A5702\history\mailbox\1356998534.hebrew'
0	20:42:10.518	Migration: copied from 'C:\Program Files (x86)\MetaTrader 4\history\mailbox\1356998534.hungarian' to 'C:\users\abc\AppData\Roaming\MetaQuotes\Terminal\50CA3DFB510CC5A8F28B48D1BF2A5702\history\mailbox\1356998534.hungarian'
0	20:42:10.518	Migration: copied from 'C:\Program Files (x86)\MetaTrader 4\history\mailbox\1356998535.italian' to 'C:\users\abc\AppData\Roaming\MetaQuotes\Terminal\50CA3DFB510CC5A8F28B48D1BF2A5702\history\mailbox\1356998535.italian'
0	20:42:10.519	Migration: copied from 'C:\Program Files (x86)\MetaTrader 4\history\mailbox\1356998536.indonesian' to 'C:\users\abc\AppData\Roaming\MetaQuotes\Terminal\50CA3DFB510CC5A8F28B48D1BF2A5702\history\mailbox\1356998536.indonesian'
0	20:42:10.519	Migration: copied from 'C:\Program Files (x86)\MetaTrader 4\history\mailbox\1356998536.japanese' to 'C:\users\abc\AppData\Roaming\MetaQuotes\Terminal\50CA3DFB510CC5A8F28B48D1BF2A5702\history\mailbox\1356998536.japanese'
0	20:42:10.520	Migration: copied from 'C:\Program Files (x86)\MetaTrader 4\history\mailbox\1356998537.malay' to 'C:\users\abc\AppData\Roaming\MetaQuotes\Terminal\50CA3DFB510CC5A8F28B48D1BF2A5702\history\mailbox\1356998537.malay'
0	20:42:10.520	Migration: copied from 'C:\Program Files (x86)\MetaTrader 4\history\mailbox\1356998538.polish' to 'C:\users\abc\AppData\Roaming\MetaQuotes\Terminal\50CA3DFB510CC5A8F28B48D1BF2A5702\history\mailbox\1356998538.polish'
0	20:42:10.521	Migration: copied from 'C:\Program Files (x86)\MetaTrader 4\history\mailbox\1356998539.portuguese' to 'C:\users\abc\AppData\Roaming\MetaQuotes\Terminal\50CA3DFB510CC5A8F28B48D1BF2A5702\history\mailbox\1356998539.portuguese'
0	20:42:10.521	Migration: copied from 'C:\Program Files (x86)\MetaTrader 4\history\mailbox\1356998540.russian' to 'C:\users\abc\AppData\Roaming\MetaQuotes\Terminal\50CA3DFB510CC5A8F28B48D1BF2A5702\history\mailbox\1356998540.russian'
0	20:42:10.522	Migration: copied from 'C:\Program Files (x86)\MetaTrader 4\history\mailbox\1356998541.slovenian' to 'C:\users\abc\AppData\Roaming\MetaQuotes\Terminal\50CA3DFB510CC5A8F28B48D1BF2A5702\history\mailbox\1356998541.slovenian'
0	20:42:10.522	Migration: copied from 'C:\Program Files (x86)\MetaTrader 4\history\mailbox\1356998542.spanish' to 'C:\users\abc\AppData\Roaming\MetaQuotes\Terminal\50CA3DFB510CC5A8F28B48D1BF2A5702\history\mailbox\1356998542.spanish'
0	20:42:10.522	Migration: copied from 'C:\Program Files (x86)\MetaTrader 4\history\mailbox\1356998543.tajik' to 'C:\users\abc\AppData\Roaming\MetaQuotes\Terminal\50CA3DFB510CC5A8F28B48D1BF2A5702\history\mailbox\1356998543.tajik'
0	20:42:10.523	Migration: copied from 'C:\Program Files (x86)\MetaTrader 4\history\mailbox\1356998544.thai' to 'C:\users\abc\AppData\Roaming\MetaQuotes\Terminal\50CA3DFB510CC5A8F28B48D1BF2A5702\history\mailbox\1356998544.thai'
0	20:42:10.523	Migration: copied from 'C:\Program Files (x86)\MetaTrader 4\history\mailbox\1356998545.turkish' to 'C:\users\abc\AppData\Roaming\MetaQuotes\Terminal\50CA3DFB510CC5A8F28B48D1BF2A5702\history\mailbox\1356998545.turkish'
0	20:42:10.524	Migration: copied from 'C:\Program Files (x86)\MetaTrader 4\history\mailbox\1356998546.uzbek' to 'C:\users\abc\AppData\Roaming\MetaQuotes\Terminal\50CA3DFB510CC5A8F28B48D1BF2A5702\history\mailbox\1356998546.uzbek'
0	20:42:10.524	Migration: copied from 'C:\Program Files (x86)\MetaTrader 4\history\mailbox\1356998547.vietnamese' to 'C:\users\abc\AppData\Roaming\MetaQuotes\Terminal\50CA3DFB510CC5A8F28B48D1BF2A5702\history\mailbox\1356998547.vietnamese'
0	20:42:10.524	Migration: mailbox folder copied from 'C:\Program Files (x86)\MetaTrader 4' to 'C:\users\abc\AppData\Roaming\MetaQuotes\Terminal\50CA3DFB510CC5A8F28B48D1BF2A5702'
0	20:42:10.526	Migration: copied from 'C:\Program Files (x86)\MetaTrader 4\profiles\British Pound\chart01.CHR' to 'C:\users\abc\AppData\Roaming\MetaQuotes\Terminal\50CA3DFB510CC5A8F28B48D1BF2A5702\profiles\British Pound\chart01.CHR'
0	20:42:10.526	Migration: copied from 'C:\Program Files (x86)\MetaTrader 4\profiles\British Pound\chart02.CHR' to 'C:\users\abc\AppData\Roaming\MetaQuotes\Terminal\50CA3DFB510CC5A8F28B48D1BF2A5702\profiles\British Pound\chart02.CHR'
0	20:42:10.526	Migration: copied from 'C:\Program Files (x86)\MetaTrader 4\profiles\British Pound\chart03.CHR' to 'C:\users\abc\AppData\Roaming\MetaQuotes\Terminal\50CA3DFB510CC5A8F28B48D1BF2A5702\profiles\British Pound\chart03.CHR'
0	20:42:10.526	Migration: copied from 'C:\Program Files (x86)\MetaTrader 4\profiles\British Pound\order.wnd' to 'C:\users\abc\AppData\Roaming\MetaQuotes\Terminal\50CA3DFB510CC5A8F28B48D1BF2A5702\profiles\British Pound\order.wnd'
0	20:42:10.527	Migration: copied from 'C:\Program Files (x86)\MetaTrader 4\profiles\default\chart01.CHR' to 'C:\users\abc\AppData\Roaming\MetaQuotes\Terminal\50CA3DFB510CC5A8F28B48D1BF2A5702\profiles\default\chart01.CHR'
0	20:42:10.527	Migration: copied from 'C:\Program Files (x86)\MetaTrader 4\profiles\default\chart02.CHR' to 'C:\users\abc\AppData\Roaming\MetaQuotes\Terminal\50CA3DFB510CC5A8F28B48D1BF2A5702\profiles\default\chart02.CHR'
0	20:42:10.527	Migration: copied from 'C:\Program Files (x86)\MetaTrader 4\profiles\default\chart03.CHR' to 'C:\users\abc\AppData\Roaming\MetaQuotes\Terminal\50CA3DFB510CC5A8F28B48D1BF2A5702\profiles\default\chart03.CHR'
0	20:42:10.528	Migration: copied from 'C:\Program Files (x86)\MetaTrader 4\profiles\default\chart04.CHR' to 'C:\users\abc\AppData\Roaming\MetaQuotes\Terminal\50CA3DFB510CC5A8F28B48D1BF2A5702\profiles\default\chart04.CHR'
0	20:42:10.528	Migration: copied from 'C:\Program Files (x86)\MetaTrader 4\profiles\default\order.wnd' to 'C:\users\abc\AppData\Roaming\MetaQuotes\Terminal\50CA3DFB510CC5A8F28B48D1BF2A5702\profiles\default\order.wnd'
0	20:42:10.528	Migration: copied from 'C:\Program Files (x86)\MetaTrader 4\profiles\Euro\chart01.CHR' to 'C:\users\abc\AppData\Roaming\MetaQuotes\Terminal\50CA3DFB510CC5A8F28B48D1BF2A5702\profiles\Euro\chart01.CHR'
0	20:42:10.528	Migration: copied from 'C:\Program Files (x86)\MetaTrader 4\profiles\Euro\chart02.CHR' to 'C:\users\abc\AppData\Roaming\MetaQuotes\Terminal\50CA3DFB510CC5A8F28B48D1BF2A5702\profiles\Euro\chart02.CHR'
0	20:42:10.529	Migration: copied from 'C:\Program Files (x86)\MetaTrader 4\profiles\Euro\chart03.CHR' to 'C:\users\abc\AppData\Roaming\MetaQuotes\Terminal\50CA3DFB510CC5A8F28B48D1BF2A5702\profiles\Euro\chart03.CHR'
0	20:42:10.529	Migration: copied from 'C:\Program Files (x86)\MetaTrader 4\profiles\Euro\order.wnd' to 'C:\users\abc\AppData\Roaming\MetaQuotes\Terminal\50CA3DFB510CC5A8F28B48D1BF2A5702\profiles\Euro\order.wnd'
0	20:42:10.529	Migration: copied from 'C:\Program Files (x86)\MetaTrader 4\profiles\lastprofile.ini' to 'C:\users\abc\AppData\Roaming\MetaQuotes\Terminal\50CA3DFB510CC5A8F28B48D1BF2A5702\profiles\lastprofile.ini'
0	20:42:10.530	Migration: copied from 'C:\Program Files (x86)\MetaTrader 4\profiles\Market Overview\chart01.CHR' to 'C:\users\abc\AppData\Roaming\MetaQuotes\Terminal\50CA3DFB510CC5A8F28B48D1BF2A5702\profiles\Market Overview\chart01.CHR'
0	20:42:10.530	Migration: copied from 'C:\Program Files (x86)\MetaTrader 4\profiles\Market Overview\chart02.CHR' to 'C:\users\abc\AppData\Roaming\MetaQuotes\Terminal\50CA3DFB510CC5A8F28B48D1BF2A5702\profiles\Market Overview\chart02.CHR'
0	20:42:10.530	Migration: copied from 'C:\Program Files (x86)\MetaTrader 4\profiles\Market Overview\chart03.CHR' to 'C:\users\abc\AppData\Roaming\MetaQuotes\Terminal\50CA3DFB510CC5A8F28B48D1BF2A5702\profiles\Market Overview\chart03.CHR'
0	20:42:10.530	Migration: copied from 'C:\Program Files (x86)\MetaTrader 4\profiles\Market Overview\chart04.CHR' to 'C:\users\abc\AppData\Roaming\MetaQuotes\Terminal\50CA3DFB510CC5A8F28B48D1BF2A5702\profiles\Market Overview\chart04.CHR'
0	20:42:10.531	Migration: copied from 'C:\Program Files (x86)\MetaTrader 4\profiles\Market Overview\order.wnd' to 'C:\users\abc\AppData\Roaming\MetaQuotes\Terminal\50CA3DFB510CC5A8F28B48D1BF2A5702\profiles\Market Overview\order.wnd'
0	20:42:10.531	Migration: copied from 'C:\Program Files (x86)\MetaTrader 4\profiles\Swiss Franc\chart01.CHR' to 'C:\users\abc\AppData\Roaming\MetaQuotes\Terminal\50CA3DFB510CC5A8F28B48D1BF2A5702\profiles\Swiss Franc\chart01.CHR'
0	20:42:10.531	Migration: copied from 'C:\Program Files (x86)\MetaTrader 4\profiles\Swiss Franc\chart02.CHR' to 'C:\users\abc\AppData\Roaming\MetaQuotes\Terminal\50CA3DFB510CC5A8F28B48D1BF2A5702\profiles\Swiss Franc\chart02.CHR'
0	20:42:10.531	Migration: copied from 'C:\Program Files (x86)\MetaTrader 4\profiles\Swiss Franc\chart03.CHR' to 'C:\users\abc\AppData\Roaming\MetaQuotes\Terminal\50CA3DFB510CC5A8F28B48D1BF2A5702\profiles\Swiss Franc\chart03.CHR'
0	20:42:10.532	Migration: copied from 'C:\Program Files (x86)\MetaTrader 4\profiles\Swiss Franc\order.wnd' to 'C:\users\abc\AppData\Roaming\MetaQuotes\Terminal\50CA3DFB510CC5A8F28B48D1BF2A5702\profiles\Swiss Franc\order.wnd'
0	20:42:10.532	Migration: profiles folder copied from 'C:\Program Files (x86)\MetaTrader 4' to 'C:\users\abc\AppData\Roaming\MetaQuotes\Terminal\50CA3DFB510CC5A8F28B48D1BF2A5702'
0	20:42:10.532	Migration: copied from 'C:\Program Files (x86)\MetaTrader 4\templates\ADX.tpl' to 'C:\users\abc\AppData\Roaming\MetaQuotes\Terminal\50CA3DFB510CC5A8F28B48D1BF2A5702\templates\ADX.tpl'
0	20:42:10.532	Migration: copied from 'C:\Program Files (x86)\MetaTrader 4\templates\BollingerBands.tpl' to 'C:\users\abc\AppData\Roaming\MetaQuotes\Terminal\50CA3DFB510CC5A8F28B48D1BF2A5702\templates\BollingerBands.tpl'
0	20:42:10.533	Migration: copied from 'C:\Program Files (x86)\MetaTrader 4\templates\Layers.tpl' to 'C:\users\abc\AppData\Roaming\MetaQuotes\Terminal\50CA3DFB510CC5A8F28B48D1BF2A5702\templates\Layers.tpl'
0	20:42:10.533	Migration: copied from 'C:\Program Files (x86)\MetaTrader 4\templates\Momentum.tpl' to 'C:\users\abc\AppData\Roaming\MetaQuotes\Terminal\50CA3DFB510CC5A8F28B48D1BF2A5702\templates\Momentum.tpl'
0	20:42:10.533	Migration: copied from 'C:\Program Files (x86)\MetaTrader 4\templates\OptimizationReport.htm' to 'C:\users\abc\AppData\Roaming\MetaQuotes\Terminal\50CA3DFB510CC5A8F28B48D1BF2A5702\templates\OptimizationReport.htm'
0	20:42:10.533	Migration: copied from 'C:\Program Files (x86)\MetaTrader 4\templates\Popular.tpl' to 'C:\users\abc\AppData\Roaming\MetaQuotes\Terminal\50CA3DFB510CC5A8F28B48D1BF2A5702\templates\Popular.tpl'
0	20:42:10.534	Migration: copied from 'C:\Program Files (x86)\MetaTrader 4\templates\statement.htm' to 'C:\users\abc\AppData\Roaming\MetaQuotes\Terminal\50CA3DFB510CC5A8F28B48D1BF2A5702\templates\statement.htm'
0	20:42:10.534	Migration: copied from 'C:\Program Files (x86)\MetaTrader 4\templates\StatementDetailed.htm' to 'C:\users\abc\AppData\Roaming\MetaQuotes\Terminal\50CA3DFB510CC5A8F28B48D1BF2A5702\templates\StatementDetailed.htm'
0	20:42:10.534	Migration: copied from 'C:\Program Files (x86)\MetaTrader 4\templates\strategytester.htm' to 'C:\users\abc\AppData\Roaming\MetaQuotes\Terminal\50CA3DFB510CC5A8F28B48D1BF2A5702\templates\strategytester.htm'
0	20:42:10.534	Migration: copied from 'C:\Program Files (x86)\MetaTrader 4\templates\Volume.tpl' to 'C:\users\abc\AppData\Roaming\MetaQuotes\Terminal\50CA3DFB510CC5A8F28B48D1BF2A5702\templates\Volume.tpl'
0	20:42:10.534	Migration: copied from 'C:\Program Files (x86)\MetaTrader 4\templates\Williams.tpl' to 'C:\users\abc\AppData\Roaming\MetaQuotes\Terminal\50CA3DFB510CC5A8F28B48D1BF2A5702\templates\Williams.tpl'
0	20:42:10.534	Migration: templates folder copied from 'C:\Program Files (x86)\MetaTrader 4' to 'C:\users\abc\AppData\Roaming\MetaQuotes\Terminal\50CA3DFB510CC5A8F28B48D1BF2A5702'
0	20:42:10.538	Migration: data to 'C:\users\abc\AppData\Roaming\MetaQuotes\Terminal\50CA3DFB510CC5A8F28B48D1BF2A5702' migration started
0	20:42:10.538	Migration: data migration finished, no virtual folder
0	20:42:10.538	LiveUpdate: update C:\users\abc\AppData\Roaming\MetaQuotes\Terminal\50CA3DFB510CC5A8F28B48D1BF2A5702\MQL4 folder started
0	20:42:10.603	LiveUpdate: update C:\users\abc\AppData\Roaming\MetaQuotes\Terminal\50CA3DFB510CC5A8F28B48D1BF2A5702\MQL4 folder finished
0	20:42:10.629	MetaTrader 4 build 1441 started (MetaQuotes Software Corp.)
0	20:42:10.629	Windows 10 Pro x64, UAC, 1 x AMD Ryzen 9 7900X 12-Core Processor, Memory: 1305 / 1975 Mb, Disk: 13 / 29 Gb, GMT+0
0	20:42:10.629	Data Folder: C:\users\abc\AppData\Roaming\MetaQuotes\Terminal\50CA3DFB510CC5A8F28B48D1BF2A5702
0	20:42:10.947	Sources recompilation started
0	20:42:16.563	Sources recompilation finished (28 compiled in 5617 msec)
