0	20:42:10.997	Compiling 'MACD Sample'
0	20:42:10.997	Compiling 'Moving Average'
0	20:42:11.939	Compiling 'Accelerator'
0	20:42:11.939	Compiling 'Accumulation'
0	20:42:11.939	Compiling 'Alligator'
0	20:42:11.940	Compiling 'ATR'
0	20:42:11.940	Compiling 'Awesome'
0	20:42:11.940	Compiling 'Bands'
0	20:42:11.940	Compiling 'Bears'
0	20:42:11.940	Compiling 'Bulls'
0	20:42:11.940	Compiling 'CCI'
0	20:42:11.940	Compiling 'Custom Moving Averages'
0	20:42:11.940	Compiling 'Heiken Ashi'
0	20:42:11.940	Compiling 'Ichimoku'
0	20:42:11.940	Compiling 'iExposure'
0	20:42:11.940	Compiling 'MACD'
0	20:42:11.940	Compiling 'Momentum'
0	20:42:11.940	Compiling 'OsMA'
0	20:42:11.940	Compiling 'Parabolic'
0	20:42:11.940	Compiling 'RSI'
0	20:42:11.940	Compiling 'Stochastic'
0	20:42:11.940	Compiling 'ZigZag'
0	20:42:11.941	Compiling 'SimplePanel'
0	20:42:15.123	Compiling 'PeriodConverter'
0	20:42:15.123	Compiling 'DLLSampleTester'
0	20:42:15.124	Compiling 'PipeClient'
0	20:42:15.124	Compiling 'PipeClientPure'
0	20:42:16.039	Compiling 'stdlib'
